Using pre-set license
Built from '2020.2/release' branch; Version is '2020.2.1f1 (270dd8c3da1c) revision 2559448'; Using compiler version '192528614'; Build Type 'Release'
OS: 'Windows 10  (10.0.0) 64bit' Language: 'en' Physical Memory: 16333 MB
BatchMode: 1, IsHumanControllingUs: 0, StartBugReporterOnCrash: 0, Is64bit: 1, IsPro: 0

 COMMAND LINE ARGUMENTS:
C:\Users\ganda\Documents\2020.2.1f1\Editor\Unity.exe
-adb2
-batchMode
-noUpm
-name
AssetImportWorker0
-projectPath
C:/Users/ganda/Documents/GitHub/Project-Mixer-/Project Mixer
-logFile
Logs/AssetImportWorker0.log
-srvPort
58412
Successfully changed project path to: C:/Users/ganda/Documents/GitHub/Project-Mixer-/Project Mixer
C:/Users/ganda/Documents/GitHub/Project-Mixer-/Project Mixer
Using Asset Import Pipeline V2.
Refreshing native plugins compatible for Editor in 23.41 ms, found 0 plugins.
Preloading 0 native plugins for Editor in 0.00 ms.
Initialize engine version: 2020.2.1f1 (270dd8c3da1c)
[Subsystems] Discovering subsystems at path C:/Users/ganda/Documents/2020.2.1f1/Editor/Data/Resources/UnitySubsystems
[Subsystems] Discovering subsystems at path C:/Users/ganda/Documents/GitHub/Project-Mixer-/Project Mixer/Assets
GfxDevice: creating device client; threaded=0
Direct3D:
    Version:  Direct3D 11.0 [level 11.1]
    Renderer: NVIDIA GeForce RTX 2060 (ID=0x1e89)
    Vendor:   
    VRAM:     5967 MB
    Driver:   27.21.14.5751
Initialize mono
Mono path[0] = 'C:/Users/ganda/Documents/2020.2.1f1/Editor/Data/Managed'
Mono path[1] = 'C:/Users/ganda/Documents/2020.2.1f1/Editor/Data/MonoBleedingEdge/lib/mono/unityjit'
Mono config path = 'C:/Users/ganda/Documents/2020.2.1f1/Editor/Data/MonoBleedingEdge/etc'
Using monoOptions --debugger-agent=transport=dt_socket,embedding=1,server=y,suspend=n,address=127.0.0.1:56368
Begin MonoManager ReloadAssembly
Registering precompiled unity dll's ...
Register platform support module: C:/Users/ganda/Documents/2020.2.1f1/Editor/Data/PlaybackEngines/WebGLSupport/UnityEditor.WebGL.Extensions.dll
Register platform support module: C:/Users/ganda/Documents/2020.2.1f1/Editor/Data/PlaybackEngines/WindowsStandaloneSupport/UnityEditor.WindowsStandalone.Extensions.dll
Registered in 0.001788 seconds.
Native extension for WindowsStandalone target not found
Native extension for WebGL target not found
Refreshing native plugins compatible for Editor in 21.37 ms, found 0 plugins.
Preloading 0 native plugins for Editor in 0.00 ms.
Invoked RoslynAnalysisRunner static constructor.
RoslynAnalysisRunner will not be running.
RoslynAnalysisRunner has terminated.
Mono: successfully reloaded assembly
- Completed reload, in  2.119 seconds
Platform modules already initialized, skipping
Registering precompiled user dll's ...
Registered in 0.000674 seconds.
Begin MonoManager ReloadAssembly
Native extension for WindowsStandalone target not found
Native extension for WebGL target not found
Refreshing native plugins compatible for Editor in 0.21 ms, found 0 plugins.
Preloading 0 native plugins for Editor in 0.00 ms.
Invoked RoslynAnalysisRunner static constructor.
RoslynAnalysisRunner will not be running.
RoslynAnalysisRunner has terminated.
Mono: successfully reloaded assembly
- Completed reload, in  0.758 seconds
Platform modules already initialized, skipping
========================================================================
Worker process is ready to serve import requests
Launched and connected shader compiler UnityShaderCompiler.exe after 0.03 seconds
Refreshing native plugins compatible for Editor in 0.38 ms, found 0 plugins.
Preloading 0 native plugins for Editor in 0.00 ms.
Unloading 1099 Unused Serialized files (Serialized files now loaded: 0)
System memory in use before: 56.1 MB.
System memory in use after: 56.1 MB.

Unloading 10 unused Assets to reduce memory usage. Loaded Objects now: 1539.
Total: 1.996000 ms (FindLiveObjects: 0.347600 ms CreateObjectMapping: 0.039600 ms MarkObjects: 1.548000 ms  DeleteObjects: 0.058100 ms)

========================================================================
Received Import Request.
  path: Assets/LiquidManager.cs
  artifactKey: Guid(b5fb59b06d2d11043bc9c4da04c31019) Importer(815301076,1909f56bfc062723c751e8b465ee728b)
Start importing Assets/LiquidManager.cs using Guid(b5fb59b06d2d11043bc9c4da04c31019) Importer(815301076,1909f56bfc062723c751e8b465ee728b)  -> (artifact id: 'd2b41730554e0177c96a6351616a5458') in 0.030910 seconds
  Import took 0.033664 seconds .

========================================================================
Received Import Request.
  Time since last request: 25.298189 seconds.
  path: Assets/LiquidManager.cs
  artifactKey: Guid(b5fb59b06d2d11043bc9c4da04c31019) Importer(815301076,1909f56bfc062723c751e8b465ee728b)
Start importing Assets/LiquidManager.cs using Guid(b5fb59b06d2d11043bc9c4da04c31019) Importer(815301076,1909f56bfc062723c751e8b465ee728b)  -> (artifact id: '822f57df7d776e35097fc3306bb85f1c') in 0.004126 seconds
  Import took 0.005851 seconds .

========================================================================
Received Import Request.
  Time since last request: 0.002938 seconds.
  path: Assets/LiquidManager.cs
  artifactKey: Guid(b5fb59b06d2d11043bc9c4da04c31019) Importer(815301076,1909f56bfc062723c751e8b465ee728b)
Start importing Assets/LiquidManager.cs using Guid(b5fb59b06d2d11043bc9c4da04c31019) Importer(815301076,1909f56bfc062723c751e8b465ee728b)  -> (artifact id: '822f57df7d776e35097fc3306bb85f1c') in 0.002935 seconds
  Import took 0.004579 seconds .

========================================================================
Received Prepare
Registering precompiled user dll's ...
Registered in 0.000492 seconds.
Begin MonoManager ReloadAssembly
Native extension for WindowsStandalone target not found
Native extension for WebGL target not found
Refreshing native plugins compatible for Editor in 0.19 ms, found 0 plugins.
Preloading 0 native plugins for Editor in 0.00 ms.
Invoked RoslynAnalysisRunner static constructor.
RoslynAnalysisRunner will not be running.
RoslynAnalysisRunner has terminated.
Mono: successfully reloaded assembly
- Completed reload, in  0.631 seconds
Platform modules already initialized, skipping
Refreshing native plugins compatible for Editor in 0.28 ms, found 0 plugins.
Preloading 0 native plugins for Editor in 0.00 ms.
Unloading 1094 Unused Serialized files (Serialized files now loaded: 0)
System memory in use before: 56.1 MB.
System memory in use after: 56.2 MB.

Unloading 5 unused Assets to reduce memory usage. Loaded Objects now: 1541.
Total: 1.637000 ms (FindLiveObjects: 0.182800 ms CreateObjectMapping: 0.028700 ms MarkObjects: 1.383400 ms  DeleteObjects: 0.041100 ms)

========================================================================
Received Import Request.
  Time since last request: 22.244907 seconds.
  path: Assets/Prefabs
  artifactKey: Guid(d9a3043790902094991060f27cb4fd18) Importer(815301076,1909f56bfc062723c751e8b465ee728b)
Start importing Assets/Prefabs using Guid(d9a3043790902094991060f27cb4fd18) Importer(815301076,1909f56bfc062723c751e8b465ee728b)  -> (artifact id: '03d737ce8da4c6284b5d0bd71d7586ea') in 0.008480 seconds
  Import took 0.010328 seconds .

========================================================================
Received Import Request.
  Time since last request: 10.068893 seconds.
  path: Assets/Prefabs/Liquids
  artifactKey: Guid(18072273a253c4d4cb4a88aab41fdd6f) Importer(815301076,1909f56bfc062723c751e8b465ee728b)
Start importing Assets/Prefabs/Liquids using Guid(18072273a253c4d4cb4a88aab41fdd6f) Importer(815301076,1909f56bfc062723c751e8b465ee728b)  -> (artifact id: '8e96d4eebf34a617fda9657ae6fd8cfd') in 0.007274 seconds
  Import took 0.010445 seconds .

========================================================================
Received Prepare
Registering precompiled user dll's ...
Registered in 0.000560 seconds.
Begin MonoManager ReloadAssembly
Native extension for WindowsStandalone target not found
Native extension for WebGL target not found
Refreshing native plugins compatible for Editor in 0.21 ms, found 0 plugins.
Preloading 0 native plugins for Editor in 0.00 ms.
Invoked RoslynAnalysisRunner static constructor.
RoslynAnalysisRunner will not be running.
RoslynAnalysisRunner has terminated.
Mono: successfully reloaded assembly
- Completed reload, in  0.613 seconds
Platform modules already initialized, skipping
Refreshing native plugins compatible for Editor in 0.17 ms, found 0 plugins.
Preloading 0 native plugins for Editor in 0.00 ms.
Unloading 1094 Unused Serialized files (Serialized files now loaded: 0)
System memory in use before: 56.2 MB.
System memory in use after: 56.3 MB.

Unloading 5 unused Assets to reduce memory usage. Loaded Objects now: 1543.
Total: 1.695300 ms (FindLiveObjects: 0.165500 ms CreateObjectMapping: 0.025300 ms MarkObjects: 1.460100 ms  DeleteObjects: 0.043200 ms)

========================================================================
Received Prepare
Registering precompiled user dll's ...
Registered in 0.000680 seconds.
Begin MonoManager ReloadAssembly
Native extension for WindowsStandalone target not found
Native extension for WebGL target not found
Refreshing native plugins compatible for Editor in 0.19 ms, found 0 plugins.
Preloading 0 native plugins for Editor in 0.00 ms.
Invoked RoslynAnalysisRunner static constructor.
RoslynAnalysisRunner will not be running.
RoslynAnalysisRunner has terminated.
Mono: successfully reloaded assembly
- Completed reload, in  0.629 seconds
Platform modules already initialized, skipping
Refreshing native plugins compatible for Editor in 0.19 ms, found 0 plugins.
Preloading 0 native plugins for Editor in 0.00 ms.
Unloading 1094 Unused Serialized files (Serialized files now loaded: 0)
System memory in use before: 56.3 MB.
System memory in use after: 56.4 MB.

Unloading 5 unused Assets to reduce memory usage. Loaded Objects now: 1545.
Total: 1.740400 ms (FindLiveObjects: 0.234900 ms CreateObjectMapping: 0.036300 ms MarkObjects: 1.343800 ms  DeleteObjects: 0.045300 ms)

========================================================================
Received Import Request.
  Time since last request: 309.966121 seconds.
  path: Assets/Prefabs/Liquids/blue.prefab
  artifactKey: Guid(41fe33d4821ba3f41aae36e0b49508df) Importer(815301076,1909f56bfc062723c751e8b465ee728b)
Start importing Assets/Prefabs/Liquids/blue.prefab using Guid(41fe33d4821ba3f41aae36e0b49508df) Importer(815301076,1909f56bfc062723c751e8b465ee728b)  -> (artifact id: 'cdce87a5025cb1f31411a1b5fff5d37c') in 0.026560 seconds
  Import took 0.028538 seconds .

========================================================================
Received Import Request.
  Time since last request: 0.000349 seconds.
  path: Assets/Prefabs/Liquids/blue.prefab
  artifactKey: Guid(41fe33d4821ba3f41aae36e0b49508df) Importer(815301076,1909f56bfc062723c751e8b465ee728b)
Start importing Assets/Prefabs/Liquids/blue.prefab using Guid(41fe33d4821ba3f41aae36e0b49508df) Importer(815301076,1909f56bfc062723c751e8b465ee728b)  -> (artifact id: 'cdce87a5025cb1f31411a1b5fff5d37c') in 0.005244 seconds
  Import took 0.007180 seconds .

========================================================================
Received Import Request.
  Time since last request: 0.634833 seconds.
  path: Assets/Prefabs/Liquids/red.prefab
  artifactKey: Guid(41deef68019b37d4387fc86ff44286e1) Importer(815301076,1909f56bfc062723c751e8b465ee728b)
Start importing Assets/Prefabs/Liquids/red.prefab using Guid(41deef68019b37d4387fc86ff44286e1) Importer(815301076,1909f56bfc062723c751e8b465ee728b)  -> (artifact id: 'be549b3d9c3b16853dc64e58e1fcb681') in 0.008544 seconds
  Import took 0.011177 seconds .

========================================================================
Received Import Request.
  Time since last request: 1.511967 seconds.
  path: Assets/Prefabs/Liquids/green.prefab
  artifactKey: Guid(cf5f3744f16f56348a7e30d2bf204868) Importer(815301076,1909f56bfc062723c751e8b465ee728b)
Start importing Assets/Prefabs/Liquids/green.prefab using Guid(cf5f3744f16f56348a7e30d2bf204868) Importer(815301076,1909f56bfc062723c751e8b465ee728b)  -> (artifact id: '1be3774787d8062816e0a6ae32897dcb') in 0.010817 seconds
  Import took 0.014483 seconds .

========================================================================
Received Import Request.
  Time since last request: 1.408444 seconds.
  path: Assets/Prefabs/Liquids/health potion.prefab
  artifactKey: Guid(2de8d02a869849644aa0709bdaf2f592) Importer(815301076,1909f56bfc062723c751e8b465ee728b)
Start importing Assets/Prefabs/Liquids/health potion.prefab using Guid(2de8d02a869849644aa0709bdaf2f592) Importer(815301076,1909f56bfc062723c751e8b465ee728b)  -> (artifact id: '1374caf827e187e0a8cdee12ec934739') in 0.007881 seconds
  Import took 0.009768 seconds .

========================================================================
Received Import Request.
  Time since last request: 1.727656 seconds.
  path: Assets/Prefabs/Liquids/health potion mix.prefab
  artifactKey: Guid(6b85d615a8bbb6d40b389f0b15dc81d9) Importer(815301076,1909f56bfc062723c751e8b465ee728b)
Start importing Assets/Prefabs/Liquids/health potion mix.prefab using Guid(6b85d615a8bbb6d40b389f0b15dc81d9) Importer(815301076,1909f56bfc062723c751e8b465ee728b)  -> (artifact id: '7a51e999adf13a137bceec6282bda2e1') in 0.008223 seconds
  Import took 0.011479 seconds .

========================================================================
Received Import Request.
  Time since last request: 41.734118 seconds.
  path: Assets/Prefabs/Mix
  artifactKey: Guid(18a5be0b0909be64fac8fda9b815eb69) Importer(815301076,1909f56bfc062723c751e8b465ee728b)
Start importing Assets/Prefabs/Mix using Guid(18a5be0b0909be64fac8fda9b815eb69) Importer(815301076,1909f56bfc062723c751e8b465ee728b)  -> (artifact id: 'fe6ad1781888ee97114232b6c4479bf2') in 0.005233 seconds
  Import took 0.007445 seconds .

========================================================================
Received Import Request.
  Time since last request: 3.002793 seconds.
  path: Assets/Prefabs/Mix/health potion mix.prefab
  artifactKey: Guid(877ee7612b54da842a453e095f810249) Importer(815301076,1909f56bfc062723c751e8b465ee728b)
Start importing Assets/Prefabs/Mix/health potion mix.prefab using Guid(877ee7612b54da842a453e095f810249) Importer(815301076,1909f56bfc062723c751e8b465ee728b)  -> (artifact id: '522a0cd5ee166403f365138128cb31ce') in 0.003778 seconds
  Import took 0.005679 seconds .

========================================================================
Received Import Request.
  Time since last request: 0.000426 seconds.
  path: Assets/Prefabs/Mix/health potion mix.prefab
  artifactKey: Guid(877ee7612b54da842a453e095f810249) Importer(815301076,1909f56bfc062723c751e8b465ee728b)
Start importing Assets/Prefabs/Mix/health potion mix.prefab using Guid(877ee7612b54da842a453e095f810249) Importer(815301076,1909f56bfc062723c751e8b465ee728b)  -> (artifact id: '522a0cd5ee166403f365138128cb31ce') in 0.003205 seconds
  Import took 0.004975 seconds .

========================================================================
Received Prepare
Registering precompiled user dll's ...
Registered in 0.000617 seconds.
Begin MonoManager ReloadAssembly
Native extension for WindowsStandalone target not found
Native extension for WebGL target not found
Refreshing native plugins compatible for Editor in 0.19 ms, found 0 plugins.
Preloading 0 native plugins for Editor in 0.00 ms.
Invoked RoslynAnalysisRunner static constructor.
RoslynAnalysisRunner will not be running.
RoslynAnalysisRunner has terminated.
Mono: successfully reloaded assembly
- Completed reload, in  0.612 seconds
Platform modules already initialized, skipping
Refreshing native plugins compatible for Editor in 0.20 ms, found 0 plugins.
Preloading 0 native plugins for Editor in 0.00 ms.
Unloading 1094 Unused Serialized files (Serialized files now loaded: 0)
System memory in use before: 56.4 MB.
System memory in use after: 56.5 MB.

Unloading 5 unused Assets to reduce memory usage. Loaded Objects now: 1547.
Total: 1.385300 ms (FindLiveObjects: 0.152900 ms CreateObjectMapping: 0.024200 ms MarkObjects: 1.173800 ms  DeleteObjects: 0.033500 ms)

========================================================================
Received Prepare
Registering precompiled user dll's ...
Registered in 0.000589 seconds.
Begin MonoManager ReloadAssembly
Native extension for WindowsStandalone target not found
Native extension for WebGL target not found
Refreshing native plugins compatible for Editor in 0.19 ms, found 0 plugins.
Preloading 0 native plugins for Editor in 0.00 ms.
Invoked RoslynAnalysisRunner static constructor.
RoslynAnalysisRunner will not be running.
RoslynAnalysisRunner has terminated.
Mono: successfully reloaded assembly
- Completed reload, in  0.604 seconds
Platform modules already initialized, skipping
Refreshing native plugins compatible for Editor in 0.19 ms, found 0 plugins.
Preloading 0 native plugins for Editor in 0.00 ms.
Unloading 1094 Unused Serialized files (Serialized files now loaded: 0)
System memory in use before: 56.5 MB.
System memory in use after: 56.5 MB.

Unloading 5 unused Assets to reduce memory usage. Loaded Objects now: 1549.
Total: 1.642300 ms (FindLiveObjects: 0.162200 ms CreateObjectMapping: 0.027300 ms MarkObjects: 1.409300 ms  DeleteObjects: 0.042500 ms)

========================================================================
Received Import Request.
  Time since last request: 435.739666 seconds.
  path: Assets/Prefabs/Mix/health potion mix 1.prefab
  artifactKey: Guid(ec7803f701c29304d8f827057a2db27d) Importer(815301076,1909f56bfc062723c751e8b465ee728b)
Start importing Assets/Prefabs/Mix/health potion mix 1.prefab using Guid(ec7803f701c29304d8f827057a2db27d) Importer(815301076,1909f56bfc062723c751e8b465ee728b)  -> (artifact id: '29c72942ed8fcd21109d40fedb4cc99d') in 0.022218 seconds
  Import took 0.024432 seconds .

========================================================================
Received Import Request.
  Time since last request: 12.284521 seconds.
  path: Assets/Prefabs/Mix/Mana Elixer.prefab
  artifactKey: Guid(ec7803f701c29304d8f827057a2db27d) Importer(815301076,1909f56bfc062723c751e8b465ee728b)
Start importing Assets/Prefabs/Mix/Mana Elixer.prefab using Guid(ec7803f701c29304d8f827057a2db27d) Importer(815301076,1909f56bfc062723c751e8b465ee728b)  -> (artifact id: '25790c9057562d900208439ab26671f5') in 0.007471 seconds
  Import took 0.010480 seconds .

========================================================================
Received Import Request.
  Time since last request: 21.768323 seconds.
  path: Assets/Prefabs/Liquids/health potion 1.prefab
  artifactKey: Guid(9886759d33637f647aa7742322f3c8a9) Importer(815301076,1909f56bfc062723c751e8b465ee728b)
Start importing Assets/Prefabs/Liquids/health potion 1.prefab using Guid(9886759d33637f647aa7742322f3c8a9) Importer(815301076,1909f56bfc062723c751e8b465ee728b)  -> (artifact id: '660a8d06e397a63140e47f108df07a71') in 0.006936 seconds
  Import took 0.008842 seconds .

========================================================================
Received Import Request.
  Time since last request: 9.038053 seconds.
  path: Assets/Prefabs/Liquids/Mana Elixer.prefab
  artifactKey: Guid(9886759d33637f647aa7742322f3c8a9) Importer(815301076,1909f56bfc062723c751e8b465ee728b)
Start importing Assets/Prefabs/Liquids/Mana Elixer.prefab using Guid(9886759d33637f647aa7742322f3c8a9) Importer(815301076,1909f56bfc062723c751e8b465ee728b)  -> (artifact id: '0725185accfbfe753c32927f2e39008e') in 0.004432 seconds
  Import took 0.006824 seconds .

========================================================================
Received Import Request.
  Time since last request: 4.374482 seconds.
  path: Assets/Prefabs/Mix/Mana Elixer.prefab
  artifactKey: Guid(ec7803f701c29304d8f827057a2db27d) Importer(815301076,1909f56bfc062723c751e8b465ee728b)
Start importing Assets/Prefabs/Mix/Mana Elixer.prefab using Guid(ec7803f701c29304d8f827057a2db27d) Importer(815301076,1909f56bfc062723c751e8b465ee728b)  -> (artifact id: 'af873d6ed54703d896af302af9dac13f') in 0.003377 seconds
  Import took 0.005332 seconds .

========================================================================
Received Import Request.
  Time since last request: 12.493381 seconds.
  path: Assets/Prefabs/Liquids/Mana Elixer.prefab
  artifactKey: Guid(9886759d33637f647aa7742322f3c8a9) Importer(815301076,1909f56bfc062723c751e8b465ee728b)
Start importing Assets/Prefabs/Liquids/Mana Elixer.prefab using Guid(9886759d33637f647aa7742322f3c8a9) Importer(815301076,1909f56bfc062723c751e8b465ee728b)  -> (artifact id: '98ffe3618d2d491824ffec3c1f9bea1e') in 0.003607 seconds
  Import took 0.006495 seconds .

========================================================================
Received Import Request.
  Time since last request: 20.135078 seconds.
  path: Assets/Prefabs/Mix/Mana Elixer.prefab
  artifactKey: Guid(ec7803f701c29304d8f827057a2db27d) Importer(815301076,1909f56bfc062723c751e8b465ee728b)
Start importing Assets/Prefabs/Mix/Mana Elixer.prefab using Guid(ec7803f701c29304d8f827057a2db27d) Importer(815301076,1909f56bfc062723c751e8b465ee728b)  -> (artifact id: '53c396379556941c9e68c1137aaa127d') in 0.004091 seconds
  Import took 0.007231 seconds .

========================================================================
Received Import Request.
  Time since last request: 5.647504 seconds.
  path: Assets/Prefabs/Mix/Mana Elixer.prefab
  artifactKey: Guid(ec7803f701c29304d8f827057a2db27d) Importer(815301076,1909f56bfc062723c751e8b465ee728b)
Start importing Assets/Prefabs/Mix/Mana Elixer.prefab using Guid(ec7803f701c29304d8f827057a2db27d) Importer(815301076,1909f56bfc062723c751e8b465ee728b)  -> (artifact id: '2e88873f08a4bb153a66b594a7cc26f0') in 0.003495 seconds
  Import took 0.005952 seconds .

========================================================================
Received Import Request.
  Time since last request: 27.218719 seconds.
  path: Assets/Prefabs/Mix/health potion mix.prefab
  artifactKey: Guid(877ee7612b54da842a453e095f810249) Importer(815301076,1909f56bfc062723c751e8b465ee728b)
Start importing Assets/Prefabs/Mix/health potion mix.prefab using Guid(877ee7612b54da842a453e095f810249) Importer(815301076,1909f56bfc062723c751e8b465ee728b)  -> (artifact id: '27d329290893a4d7f6d6c6509ad20f8a') in 0.003360 seconds
  Import took 0.005342 seconds .

========================================================================
Received Prepare
Registering precompiled user dll's ...
Registered in 0.000546 seconds.
Begin MonoManager ReloadAssembly
Native extension for WindowsStandalone target not found
Native extension for WebGL target not found
Refreshing native plugins compatible for Editor in 0.20 ms, found 0 plugins.
Preloading 0 native plugins for Editor in 0.00 ms.
Invoked RoslynAnalysisRunner static constructor.
RoslynAnalysisRunner will not be running.
RoslynAnalysisRunner has terminated.
Mono: successfully reloaded assembly
- Completed reload, in  0.621 seconds
Platform modules already initialized, skipping
Refreshing native plugins compatible for Editor in 0.18 ms, found 0 plugins.
Preloading 0 native plugins for Editor in 0.00 ms.
Unloading 1094 Unused Serialized files (Serialized files now loaded: 0)
System memory in use before: 56.5 MB.
System memory in use after: 56.6 MB.

Unloading 5 unused Assets to reduce memory usage. Loaded Objects now: 1551.
Total: 1.404900 ms (FindLiveObjects: 0.130200 ms CreateObjectMapping: 0.022600 ms MarkObjects: 1.215200 ms  DeleteObjects: 0.036000 ms)

========================================================================
Received Import Request.
  Time since last request: 287.991554 seconds.
  path: Assets/Prefabs/Mix/health potion mix.prefab
  artifactKey: Guid(877ee7612b54da842a453e095f810249) Importer(815301076,1909f56bfc062723c751e8b465ee728b)
Start importing Assets/Prefabs/Mix/health potion mix.prefab using Guid(877ee7612b54da842a453e095f810249) Importer(815301076,1909f56bfc062723c751e8b465ee728b)  -> (artifact id: '1d3e658d55668847f9d031996384670d') in 0.019437 seconds
  Import took 0.021278 seconds .

========================================================================
Received Import Request.
  Time since last request: 0.000155 seconds.
  path: Assets/Prefabs/Mix/Mana Elixer.prefab
  artifactKey: Guid(ec7803f701c29304d8f827057a2db27d) Importer(815301076,1909f56bfc062723c751e8b465ee728b)
Start importing Assets/Prefabs/Mix/Mana Elixer.prefab using Guid(ec7803f701c29304d8f827057a2db27d) Importer(815301076,1909f56bfc062723c751e8b465ee728b)  -> (artifact id: 'd50e16d43857d427e32428eefac46e63') in 0.006081 seconds
  Import took 0.007851 seconds .

========================================================================
Received Import Request.
  Time since last request: 64.754248 seconds.
  path: Assets/Prefabs/Liquids/Mana Elixer.prefab
  artifactKey: Guid(9886759d33637f647aa7742322f3c8a9) Importer(815301076,1909f56bfc062723c751e8b465ee728b)
Start importing Assets/Prefabs/Liquids/Mana Elixer.prefab using Guid(9886759d33637f647aa7742322f3c8a9) Importer(815301076,1909f56bfc062723c751e8b465ee728b)  -> (artifact id: 'f587247474c3dd26c7804071252cd2ce') in 0.003205 seconds
  Import took 0.006135 seconds .

========================================================================
Received Import Request.
  Time since last request: 20.250378 seconds.
  path: Assets/Prefabs/Liquids/Mana Elixer.prefab
  artifactKey: Guid(9886759d33637f647aa7742322f3c8a9) Importer(815301076,1909f56bfc062723c751e8b465ee728b)
Start importing Assets/Prefabs/Liquids/Mana Elixer.prefab using Guid(9886759d33637f647aa7742322f3c8a9) Importer(815301076,1909f56bfc062723c751e8b465ee728b)  -> (artifact id: '2170deea3ab0f233d0404ad9c2e83fb3') in 0.004455 seconds
  Import took 0.006486 seconds .

========================================================================
Received Import Request.
  Time since last request: 0.001224 seconds.
  path: Assets/Prefabs/Liquids/Mana Elixer.prefab
  artifactKey: Guid(9886759d33637f647aa7742322f3c8a9) Importer(815301076,1909f56bfc062723c751e8b465ee728b)
Start importing Assets/Prefabs/Liquids/Mana Elixer.prefab using Guid(9886759d33637f647aa7742322f3c8a9) Importer(815301076,1909f56bfc062723c751e8b465ee728b)  -> (artifact id: '2170deea3ab0f233d0404ad9c2e83fb3') in 0.003274 seconds
  Import took 0.005060 seconds .

========================================================================
Received Import Request.
  Time since last request: 4.217432 seconds.
  path: Assets/Prefabs/Liquids/Mana Elixer.prefab
  artifactKey: Guid(9886759d33637f647aa7742322f3c8a9) Importer(815301076,1909f56bfc062723c751e8b465ee728b)
Start importing Assets/Prefabs/Liquids/Mana Elixer.prefab using Guid(9886759d33637f647aa7742322f3c8a9) Importer(815301076,1909f56bfc062723c751e8b465ee728b)  -> (artifact id: '72f79be0562f0037bf801b2adb7f2fe8') in 0.003495 seconds
  Import took 0.005303 seconds .

========================================================================
Received Import Request.
  Time since last request: 0.002604 seconds.
  path: Assets/Prefabs/Liquids/Mana Elixer.prefab
  artifactKey: Guid(9886759d33637f647aa7742322f3c8a9) Importer(815301076,1909f56bfc062723c751e8b465ee728b)
Start importing Assets/Prefabs/Liquids/Mana Elixer.prefab using Guid(9886759d33637f647aa7742322f3c8a9) Importer(815301076,1909f56bfc062723c751e8b465ee728b)  -> (artifact id: '72f79be0562f0037bf801b2adb7f2fe8') in 0.003225 seconds
  Import took 0.005406 seconds .

========================================================================
Received Prepare
Registering precompiled user dll's ...
Registered in 0.000559 seconds.
Begin MonoManager ReloadAssembly
Native extension for WindowsStandalone target not found
Native extension for WebGL target not found
Refreshing native plugins compatible for Editor in 0.20 ms, found 0 plugins.
Preloading 0 native plugins for Editor in 0.00 ms.
Invoked RoslynAnalysisRunner static constructor.
RoslynAnalysisRunner will not be running.
RoslynAnalysisRunner has terminated.
Mono: successfully reloaded assembly
- Completed reload, in  0.608 seconds
Platform modules already initialized, skipping
Refreshing native plugins compatible for Editor in 0.19 ms, found 0 plugins.
Preloading 0 native plugins for Editor in 0.00 ms.
Unloading 1094 Unused Serialized files (Serialized files now loaded: 0)
System memory in use before: 56.6 MB.
System memory in use after: 56.7 MB.

Unloading 5 unused Assets to reduce memory usage. Loaded Objects now: 1553.
Total: 1.456300 ms (FindLiveObjects: 0.148100 ms CreateObjectMapping: 0.028600 ms MarkObjects: 1.245100 ms  DeleteObjects: 0.033700 ms)

========================================================================
Received Prepare
Registering precompiled user dll's ...
Registered in 0.000677 seconds.
Begin MonoManager ReloadAssembly
Native extension for WindowsStandalone target not found
Native extension for WebGL target not found
Refreshing native plugins compatible for Editor in 0.21 ms, found 0 plugins.
Preloading 0 native plugins for Editor in 0.00 ms.
Invoked RoslynAnalysisRunner static constructor.
RoslynAnalysisRunner will not be running.
RoslynAnalysisRunner has terminated.
Mono: successfully reloaded assembly
- Completed reload, in  0.607 seconds
Platform modules already initialized, skipping
Refreshing native plugins compatible for Editor in 0.18 ms, found 0 plugins.
Preloading 0 native plugins for Editor in 0.00 ms.
Unloading 1094 Unused Serialized files (Serialized files now loaded: 0)
System memory in use before: 56.7 MB.
System memory in use after: 56.8 MB.

Unloading 5 unused Assets to reduce memory usage. Loaded Objects now: 1555.
Total: 1.330600 ms (FindLiveObjects: 0.142500 ms CreateObjectMapping: 0.023600 ms MarkObjects: 1.127200 ms  DeleteObjects: 0.036500 ms)

========================================================================
Received Prepare
Registering precompiled user dll's ...
Registered in 0.000562 seconds.
Begin MonoManager ReloadAssembly
Native extension for WindowsStandalone target not found
Native extension for WebGL target not found
Refreshing native plugins compatible for Editor in 0.20 ms, found 0 plugins.
Preloading 0 native plugins for Editor in 0.00 ms.
Invoked RoslynAnalysisRunner static constructor.
RoslynAnalysisRunner will not be running.
RoslynAnalysisRunner has terminated.
Mono: successfully reloaded assembly
- Completed reload, in  0.612 seconds
Platform modules already initialized, skipping
Refreshing native plugins compatible for Editor in 0.16 ms, found 0 plugins.
Preloading 0 native plugins for Editor in 0.00 ms.
Unloading 1094 Unused Serialized files (Serialized files now loaded: 0)
System memory in use before: 56.8 MB.
System memory in use after: 56.8 MB.

Unloading 5 unused Assets to reduce memory usage. Loaded Objects now: 1557.
Total: 1.447400 ms (FindLiveObjects: 0.133100 ms CreateObjectMapping: 0.026200 ms MarkObjects: 1.252000 ms  DeleteObjects: 0.035300 ms)

========================================================================
Received Prepare
Registering precompiled user dll's ...
Registered in 0.000518 seconds.
Begin MonoManager ReloadAssembly
Native extension for WindowsStandalone target not found
Native extension for WebGL target not found
Refreshing native plugins compatible for Editor in 0.19 ms, found 0 plugins.
Preloading 0 native plugins for Editor in 0.00 ms.
Invoked RoslynAnalysisRunner static constructor.
RoslynAnalysisRunner will not be running.
RoslynAnalysisRunner has terminated.
Mono: successfully reloaded assembly
- Completed reload, in  0.610 seconds
Platform modules already initialized, skipping
Refreshing native plugins compatible for Editor in 0.19 ms, found 0 plugins.
Preloading 0 native plugins for Editor in 0.00 ms.
Unloading 1094 Unused Serialized files (Serialized files now loaded: 0)
System memory in use before: 56.8 MB.
System memory in use after: 56.9 MB.

Unloading 5 unused Assets to reduce memory usage. Loaded Objects now: 1559.
Total: 1.582400 ms (FindLiveObjects: 0.214700 ms CreateObjectMapping: 0.028800 ms MarkObjects: 1.299000 ms  DeleteObjects: 0.039100 ms)

========================================================================
Received Prepare
Registering precompiled user dll's ...
Registered in 0.000582 seconds.
Begin MonoManager ReloadAssembly
Native extension for WindowsStandalone target not found
Native extension for WebGL target not found
Refreshing native plugins compatible for Editor in 0.21 ms, found 0 plugins.
Preloading 0 native plugins for Editor in 0.00 ms.
Invoked RoslynAnalysisRunner static constructor.
RoslynAnalysisRunner will not be running.
RoslynAnalysisRunner has terminated.
Mono: successfully reloaded assembly
- Completed reload, in  0.610 seconds
Platform modules already initialized, skipping
Refreshing native plugins compatible for Editor in 0.14 ms, found 0 plugins.
Preloading 0 native plugins for Editor in 0.00 ms.
Unloading 1094 Unused Serialized files (Serialized files now loaded: 0)
System memory in use before: 56.9 MB.
System memory in use after: 57.0 MB.

Unloading 5 unused Assets to reduce memory usage. Loaded Objects now: 1561.
Total: 1.558100 ms (FindLiveObjects: 0.175800 ms CreateObjectMapping: 0.028600 ms MarkObjects: 1.314100 ms  DeleteObjects: 0.038000 ms)

========================================================================
Received Prepare
Registering precompiled user dll's ...
Registered in 0.000566 seconds.
Begin MonoManager ReloadAssembly
Native extension for WindowsStandalone target not found
Native extension for WebGL target not found
Refreshing native plugins compatible for Editor in 0.19 ms, found 0 plugins.
Preloading 0 native plugins for Editor in 0.00 ms.
Invoked RoslynAnalysisRunner static constructor.
RoslynAnalysisRunner will not be running.
RoslynAnalysisRunner has terminated.
Mono: successfully reloaded assembly
- Completed reload, in  0.608 seconds
Platform modules already initialized, skipping
Refreshing native plugins compatible for Editor in 0.30 ms, found 0 plugins.
Preloading 0 native plugins for Editor in 0.00 ms.
Unloading 1094 Unused Serialized files (Serialized files now loaded: 0)
System memory in use before: 57.0 MB.
System memory in use after: 57.1 MB.

Unloading 5 unused Assets to reduce memory usage. Loaded Objects now: 1563.
Total: 1.477200 ms (FindLiveObjects: 0.152800 ms CreateObjectMapping: 0.027400 ms MarkObjects: 1.257400 ms  DeleteObjects: 0.038800 ms)

========================================================================
Received Prepare
Registering precompiled user dll's ...
Registered in 0.000511 seconds.
Begin MonoManager ReloadAssembly
Native extension for WindowsStandalone target not found
Native extension for WebGL target not found
Refreshing native plugins compatible for Editor in 0.22 ms, found 0 plugins.
Preloading 0 native plugins for Editor in 0.00 ms.
Invoked RoslynAnalysisRunner static constructor.
RoslynAnalysisRunner will not be running.
RoslynAnalysisRunner has terminated.
Mono: successfully reloaded assembly
- Completed reload, in  0.606 seconds
Platform modules already initialized, skipping
Refreshing native plugins compatible for Editor in 0.19 ms, found 0 plugins.
Preloading 0 native plugins for Editor in 0.00 ms.
Unloading 1094 Unused Serialized files (Serialized files now loaded: 0)
System memory in use before: 57.1 MB.
System memory in use after: 57.1 MB.

Unloading 5 unused Assets to reduce memory usage. Loaded Objects now: 1565.
Total: 1.655000 ms (FindLiveObjects: 0.182400 ms CreateObjectMapping: 0.030700 ms MarkObjects: 1.400400 ms  DeleteObjects: 0.039800 ms)

========================================================================
Received Import Request.
  Time since last request: 679.220796 seconds.
  path: Assets/Prefabs/Liquids/Mana Elixer.prefab
  artifactKey: Guid(9886759d33637f647aa7742322f3c8a9) Importer(815301076,1909f56bfc062723c751e8b465ee728b)
Start importing Assets/Prefabs/Liquids/Mana Elixer.prefab using Guid(9886759d33637f647aa7742322f3c8a9) Importer(815301076,1909f56bfc062723c751e8b465ee728b)  -> (artifact id: '84565684c2874870497376164dc8f875') in 0.019963 seconds
  Import took 0.021777 seconds .

========================================================================
Received Import Request.
  Time since last request: 0.003476 seconds.
  path: Assets/Prefabs/Liquids/Mana Elixer.prefab
  artifactKey: Guid(9886759d33637f647aa7742322f3c8a9) Importer(815301076,1909f56bfc062723c751e8b465ee728b)
Start importing Assets/Prefabs/Liquids/Mana Elixer.prefab using Guid(9886759d33637f647aa7742322f3c8a9) Importer(815301076,1909f56bfc062723c751e8b465ee728b)  -> (artifact id: '84565684c2874870497376164dc8f875') in 0.003053 seconds
  Import took 0.004764 seconds .

========================================================================
Received Prepare
Registering precompiled user dll's ...
Registered in 0.000588 seconds.
Begin MonoManager ReloadAssembly
Native extension for WindowsStandalone target not found
Native extension for WebGL target not found
Refreshing native plugins compatible for Editor in 0.20 ms, found 0 plugins.
Preloading 0 native plugins for Editor in 0.00 ms.
Invoked RoslynAnalysisRunner static constructor.
RoslynAnalysisRunner will not be running.
RoslynAnalysisRunner has terminated.
Mono: successfully reloaded assembly
- Completed reload, in  0.602 seconds
Platform modules already initialized, skipping
Refreshing native plugins compatible for Editor in 0.18 ms, found 0 plugins.
Preloading 0 native plugins for Editor in 0.00 ms.
Unloading 1094 Unused Serialized files (Serialized files now loaded: 0)
System memory in use before: 57.1 MB.
System memory in use after: 57.2 MB.

Unloading 5 unused Assets to reduce memory usage. Loaded Objects now: 1567.
Total: 1.982800 ms (FindLiveObjects: 0.228000 ms CreateObjectMapping: 0.036200 ms MarkObjects: 1.671900 ms  DeleteObjects: 0.045400 ms)

========================================================================
Received Import Request.
  Time since last request: 62.095303 seconds.
  path: Assets/Prefabs/Liquids/health potion 1.prefab
  artifactKey: Guid(3914072a9762f224f8d6a9e9adc18cd8) Importer(815301076,1909f56bfc062723c751e8b465ee728b)
Start importing Assets/Prefabs/Liquids/health potion 1.prefab using Guid(3914072a9762f224f8d6a9e9adc18cd8) Importer(815301076,1909f56bfc062723c751e8b465ee728b)  -> (artifact id: '9cfb8137d6b4cf94ead98432adc1d091') in 0.019385 seconds
  Import took 0.021227 seconds .

========================================================================
Received Import Request.
  Time since last request: 16.150502 seconds.
  path: Assets/Prefabs/Liquids/mana elixer.prefab
  artifactKey: Guid(2de8d02a869849644aa0709bdaf2f592) Importer(815301076,1909f56bfc062723c751e8b465ee728b)
Start importing Assets/Prefabs/Liquids/mana elixer.prefab using Guid(2de8d02a869849644aa0709bdaf2f592) Importer(815301076,1909f56bfc062723c751e8b465ee728b)  -> (artifact id: '33d53c256d81703af41396404ad94ac5') in 0.008061 seconds
  Import took 0.009989 seconds .

========================================================================
Received Import Request.
  Time since last request: 4.265155 seconds.
  path: Assets/Prefabs/Liquids/mana elixer.prefab
  artifactKey: Guid(2de8d02a869849644aa0709bdaf2f592) Importer(815301076,1909f56bfc062723c751e8b465ee728b)
Start importing Assets/Prefabs/Liquids/mana elixer.prefab using Guid(2de8d02a869849644aa0709bdaf2f592) Importer(815301076,1909f56bfc062723c751e8b465ee728b)  -> (artifact id: 'a22c70248192d456536d6cf5e8d6f3bb') in 0.003957 seconds
  Import took 0.005837 seconds .

========================================================================
Received Import Request.
  Time since last request: 5.251722 seconds.
  path: Assets/Prefabs/Liquids/mana elixer.prefab
  artifactKey: Guid(2de8d02a869849644aa0709bdaf2f592) Importer(815301076,1909f56bfc062723c751e8b465ee728b)
Start importing Assets/Prefabs/Liquids/mana elixer.prefab using Guid(2de8d02a869849644aa0709bdaf2f592) Importer(815301076,1909f56bfc062723c751e8b465ee728b)  -> (artifact id: '3f0e9292877a2ef046a0742f54d71357') in 0.003771 seconds
  Import took 0.005671 seconds .

========================================================================
Received Import Request.
  Time since last request: 2.680986 seconds.
  path: Assets/Prefabs/Liquids/mana elixer.prefab
  artifactKey: Guid(2de8d02a869849644aa0709bdaf2f592) Importer(815301076,1909f56bfc062723c751e8b465ee728b)
Start importing Assets/Prefabs/Liquids/mana elixer.prefab using Guid(2de8d02a869849644aa0709bdaf2f592) Importer(815301076,1909f56bfc062723c751e8b465ee728b)  -> (artifact id: '37dda1c4b8c1336232c01ce9a51e733e') in 0.004533 seconds
  Import took 0.006863 seconds .

========================================================================
Received Import Request.
  Time since last request: 12.295581 seconds.
  path: Assets/Prefabs/Liquids/mana elixer.prefab
  artifactKey: Guid(2de8d02a869849644aa0709bdaf2f592) Importer(815301076,1909f56bfc062723c751e8b465ee728b)
Start importing Assets/Prefabs/Liquids/mana elixer.prefab using Guid(2de8d02a869849644aa0709bdaf2f592) Importer(815301076,1909f56bfc062723c751e8b465ee728b)  -> (artifact id: '45f2d921fd5cc0795595d14bf031e45c') in 0.003637 seconds
  Import took 0.005780 seconds .

========================================================================
Received Prepare
Registering precompiled user dll's ...
Registered in 0.000682 seconds.
Begin MonoManager ReloadAssembly
Native extension for WindowsStandalone target not found
Native extension for WebGL target not found
Refreshing native plugins compatible for Editor in 0.20 ms, found 0 plugins.
Preloading 0 native plugins for Editor in 0.00 ms.
Invoked RoslynAnalysisRunner static constructor.
RoslynAnalysisRunner will not be running.
RoslynAnalysisRunner has terminated.
Mono: successfully reloaded assembly
- Completed reload, in  0.621 seconds
Platform modules already initialized, skipping
Refreshing native plugins compatible for Editor in 0.18 ms, found 0 plugins.
Preloading 0 native plugins for Editor in 0.00 ms.
Unloading 1094 Unused Serialized files (Serialized files now loaded: 0)
System memory in use before: 57.2 MB.
System memory in use after: 57.3 MB.

Unloading 5 unused Assets to reduce memory usage. Loaded Objects now: 1569.
Total: 1.679700 ms (FindLiveObjects: 0.152500 ms CreateObjectMapping: 0.026500 ms MarkObjects: 1.457000 ms  DeleteObjects: 0.042500 ms)

========================================================================
Received Import Request.
  Time since last request: 58.381067 seconds.
  path: Assets/Prefabs/Liquids/health potion.prefab
  artifactKey: Guid(3914072a9762f224f8d6a9e9adc18cd8) Importer(815301076,1909f56bfc062723c751e8b465ee728b)
Start importing Assets/Prefabs/Liquids/health potion.prefab using Guid(3914072a9762f224f8d6a9e9adc18cd8) Importer(815301076,1909f56bfc062723c751e8b465ee728b)  -> (artifact id: 'bcc39647562648756228ffda23b28133') in 0.021077 seconds
  Import took 0.023844 seconds .

========================================================================
Received Prepare
Registering precompiled user dll's ...
Registered in 0.000580 seconds.
Begin MonoManager ReloadAssembly
Native extension for WindowsStandalone target not found
Native extension for WebGL target not found
Refreshing native plugins compatible for Editor in 0.20 ms, found 0 plugins.
Preloading 0 native plugins for Editor in 0.00 ms.
Invoked RoslynAnalysisRunner static constructor.
RoslynAnalysisRunner will not be running.
RoslynAnalysisRunner has terminated.
Mono: successfully reloaded assembly
- Completed reload, in  0.612 seconds
Platform modules already initialized, skipping
Refreshing native plugins compatible for Editor in 0.16 ms, found 0 plugins.
Preloading 0 native plugins for Editor in 0.00 ms.
Unloading 1094 Unused Serialized files (Serialized files now loaded: 0)
System memory in use before: 57.3 MB.
System memory in use after: 57.4 MB.

Unloading 5 unused Assets to reduce memory usage. Loaded Objects now: 1571.
Total: 1.736400 ms (FindLiveObjects: 0.154000 ms CreateObjectMapping: 0.029100 ms MarkObjects: 1.512100 ms  DeleteObjects: 0.040000 ms)

========================================================================
Received Import Request.
  Time since last request: 68.039843 seconds.
  path: Assets/Prefabs/Liquids/mana elixer.prefab
  artifactKey: Guid(2de8d02a869849644aa0709bdaf2f592) Importer(815301076,1909f56bfc062723c751e8b465ee728b)
Start importing Assets/Prefabs/Liquids/mana elixer.prefab using Guid(2de8d02a869849644aa0709bdaf2f592) Importer(815301076,1909f56bfc062723c751e8b465ee728b)  -> (artifact id: '7c15d29f4fdfd69563d6901d3468784a') in 0.018386 seconds
  Import took 0.020222 seconds .

========================================================================
Received Prepare
Registering precompiled user dll's ...
Registered in 0.000575 seconds.
Begin MonoManager ReloadAssembly
Native extension for WindowsStandalone target not found
Native extension for WebGL target not found
Refreshing native plugins compatible for Editor in 0.19 ms, found 0 plugins.
Preloading 0 native plugins for Editor in 0.00 ms.
Invoked RoslynAnalysisRunner static constructor.
RoslynAnalysisRunner will not be running.
RoslynAnalysisRunner has terminated.
Mono: successfully reloaded assembly
- Completed reload, in  0.612 seconds
Platform modules already initialized, skipping
Refreshing native plugins compatible for Editor in 0.19 ms, found 0 plugins.
Preloading 0 native plugins for Editor in 0.00 ms.
Unloading 1094 Unused Serialized files (Serialized files now loaded: 0)
System memory in use before: 57.4 MB.
System memory in use after: 57.4 MB.

Unloading 5 unused Assets to reduce memory usage. Loaded Objects now: 1573.
Total: 1.697400 ms (FindLiveObjects: 0.158900 ms CreateObjectMapping: 0.032100 ms MarkObjects: 1.459800 ms  DeleteObjects: 0.045500 ms)

AssetImportWorkerClient::OnTransportError - code=2 error=End of file
