Using pre-set license
Built from '2020.2/release' branch; Version is '2020.2.1f1 (270dd8c3da1c) revision 2559448'; Using compiler version '192528614'; Build Type 'Release'
OS: 'Windows 10  (10.0.0) 64bit' Language: 'en' Physical Memory: 16333 MB
BatchMode: 1, IsHumanControllingUs: 0, StartBugReporterOnCrash: 0, Is64bit: 1, IsPro: 0

 COMMAND LINE ARGUMENTS:
C:\Users\ganda\Documents\2020.2.1f1\Editor\Unity.exe
-adb2
-batchMode
-noUpm
-name
AssetImportWorker1
-projectPath
C:/Users/ganda/Documents/GitHub/Project-Mixer-/Project Mixer
-logFile
Logs/AssetImportWorker1.log
-srvPort
61828
Successfully changed project path to: C:/Users/ganda/Documents/GitHub/Project-Mixer-/Project Mixer
C:/Users/ganda/Documents/GitHub/Project-Mixer-/Project Mixer
Using Asset Import Pipeline V2.
Refreshing native plugins compatible for Editor in 20.58 ms, found 0 plugins.
Preloading 0 native plugins for Editor in 0.00 ms.
Initialize engine version: 2020.2.1f1 (270dd8c3da1c)
[Subsystems] Discovering subsystems at path C:/Users/ganda/Documents/2020.2.1f1/Editor/Data/Resources/UnitySubsystems
[Subsystems] Discovering subsystems at path C:/Users/ganda/Documents/GitHub/Project-Mixer-/Project Mixer/Assets
GfxDevice: creating device client; threaded=0
Direct3D:
    Version:  Direct3D 11.0 [level 11.1]
    Renderer: NVIDIA GeForce RTX 2060 (ID=0x1e89)
    Vendor:   
    VRAM:     5967 MB
    Driver:   27.21.14.5751
Initialize mono
Mono path[0] = 'C:/Users/ganda/Documents/2020.2.1f1/Editor/Data/Managed'
Mono path[1] = 'C:/Users/ganda/Documents/2020.2.1f1/Editor/Data/MonoBleedingEdge/lib/mono/unityjit'
Mono config path = 'C:/Users/ganda/Documents/2020.2.1f1/Editor/Data/MonoBleedingEdge/etc'
Using monoOptions --debugger-agent=transport=dt_socket,embedding=1,server=y,suspend=n,address=127.0.0.1:56060
Begin MonoManager ReloadAssembly
Registering precompiled unity dll's ...
Register platform support module: C:/Users/ganda/Documents/2020.2.1f1/Editor/Data/PlaybackEngines/WebGLSupport/UnityEditor.WebGL.Extensions.dll
Register platform support module: C:/Users/ganda/Documents/2020.2.1f1/Editor/Data/PlaybackEngines/WindowsStandaloneSupport/UnityEditor.WindowsStandalone.Extensions.dll
Registered in 0.001952 seconds.
Native extension for WindowsStandalone target not found
Native extension for WebGL target not found
Refreshing native plugins compatible for Editor in 20.65 ms, found 0 plugins.
Preloading 0 native plugins for Editor in 0.00 ms.
Invoked RoslynAnalysisRunner static constructor.
RoslynAnalysisRunner will not be running.
RoslynAnalysisRunner has terminated.
Mono: successfully reloaded assembly
- Completed reload, in  8.661 seconds
Platform modules already initialized, skipping
Registering precompiled user dll's ...
Registered in 0.000610 seconds.
Begin MonoManager ReloadAssembly
Native extension for WindowsStandalone target not found
Native extension for WebGL target not found
Refreshing native plugins compatible for Editor in 0.21 ms, found 0 plugins.
Preloading 0 native plugins for Editor in 0.00 ms.
Invoked RoslynAnalysisRunner static constructor.
RoslynAnalysisRunner will not be running.
RoslynAnalysisRunner has terminated.
Mono: successfully reloaded assembly
- Completed reload, in  0.663 seconds
Platform modules already initialized, skipping
========================================================================
Worker process is ready to serve import requests
Launched and connected shader compiler UnityShaderCompiler.exe after 0.05 seconds
Refreshing native plugins compatible for Editor in 0.21 ms, found 0 plugins.
Preloading 0 native plugins for Editor in 0.00 ms.
Unloading 1103 Unused Serialized files (Serialized files now loaded: 0)
System memory in use before: 56.7 MB.
System memory in use after: 56.7 MB.

Unloading 10 unused Assets to reduce memory usage. Loaded Objects now: 1545.
Total: 1.743400 ms (FindLiveObjects: 0.155100 ms CreateObjectMapping: 0.030200 ms MarkObjects: 1.506100 ms  DeleteObjects: 0.051400 ms)

========================================================================
Received Import Request.
  path: Assets/Flame_On.png
  artifactKey: Guid(3c007259d0e6ed541a49dcb706889b17) Importer(815301076,1909f56bfc062723c751e8b465ee728b)
Start importing Assets/Flame_On.png using Guid(3c007259d0e6ed541a49dcb706889b17) Importer(815301076,1909f56bfc062723c751e8b465ee728b)  -> (artifact id: '41ea45ce9b7b961469d571a4ae42d86f') in 0.101342 seconds
  Import took 0.103068 seconds .

========================================================================
Received Import Request.
  Time since last request: 0.000149 seconds.
  path: Assets/Flame.png
  artifactKey: Guid(afcffad173532fa4d85136fda37ebfd6) Importer(815301076,1909f56bfc062723c751e8b465ee728b)
Start importing Assets/Flame.png using Guid(afcffad173532fa4d85136fda37ebfd6) Importer(815301076,1909f56bfc062723c751e8b465ee728b)  -> (artifact id: '03449f8bf93cfc1a5f8b23b8e8a94b32') in 0.011136 seconds
  Import took 0.012778 seconds .

========================================================================
Received Import Request.
  Time since last request: 1.778619 seconds.
  path: Assets/Flame.png
  artifactKey: Guid(afcffad173532fa4d85136fda37ebfd6) Importer(815301076,1909f56bfc062723c751e8b465ee728b)
Start importing Assets/Flame.png using Guid(afcffad173532fa4d85136fda37ebfd6) Importer(815301076,1909f56bfc062723c751e8b465ee728b)  -> (artifact id: 'e5498ef89d543637e71e7613d788fe33') in 0.038016 seconds
  Import took 0.039955 seconds .

========================================================================
Received Import Request.
  Time since last request: 0.000174 seconds.
  path: Assets/Flame_On.png
  artifactKey: Guid(3c007259d0e6ed541a49dcb706889b17) Importer(815301076,1909f56bfc062723c751e8b465ee728b)
Start importing Assets/Flame_On.png using Guid(3c007259d0e6ed541a49dcb706889b17) Importer(815301076,1909f56bfc062723c751e8b465ee728b)  -> (artifact id: '3fcba6dce22a12b7ed8078f4042ef9fa') in 0.009664 seconds
  Import took 0.011238 seconds .

========================================================================
Received Import Request.
  Time since last request: 10.741025 seconds.
  path: Assets/Flame_Off.png
  artifactKey: Guid(afcffad173532fa4d85136fda37ebfd6) Importer(815301076,1909f56bfc062723c751e8b465ee728b)
Start importing Assets/Flame_Off.png using Guid(afcffad173532fa4d85136fda37ebfd6) Importer(815301076,1909f56bfc062723c751e8b465ee728b)  -> (artifact id: 'c20d34a664c8b7d7ce1f60fb8537e31a') in 0.010787 seconds
  Import took 0.012625 seconds .

========================================================================
Received Import Request.
  Time since last request: 0.001053 seconds.
  path: Assets/Flame_Off.png
  artifactKey: Guid(afcffad173532fa4d85136fda37ebfd6) Importer(815301076,1909f56bfc062723c751e8b465ee728b)
Start importing Assets/Flame_Off.png using Guid(afcffad173532fa4d85136fda37ebfd6) Importer(815301076,1909f56bfc062723c751e8b465ee728b)  -> (artifact id: 'c20d34a664c8b7d7ce1f60fb8537e31a') in 0.006534 seconds
  Import took 0.008391 seconds .

========================================================================
Received Prepare
Registering precompiled user dll's ...
Registered in 0.000509 seconds.
Begin MonoManager ReloadAssembly
Native extension for WindowsStandalone target not found
Native extension for WebGL target not found
Refreshing native plugins compatible for Editor in 0.21 ms, found 0 plugins.
Preloading 0 native plugins for Editor in 0.00 ms.
Invoked RoslynAnalysisRunner static constructor.
RoslynAnalysisRunner will not be running.
RoslynAnalysisRunner has terminated.
Mono: successfully reloaded assembly
- Completed reload, in  0.611 seconds
Platform modules already initialized, skipping
Refreshing native plugins compatible for Editor in 0.20 ms, found 0 plugins.
Preloading 0 native plugins for Editor in 0.00 ms.
Unloading 1098 Unused Serialized files (Serialized files now loaded: 0)
System memory in use before: 59.8 MB.
System memory in use after: 59.9 MB.

Unloading 5 unused Assets to reduce memory usage. Loaded Objects now: 1553.
Total: 1.658200 ms (FindLiveObjects: 0.192400 ms CreateObjectMapping: 0.029400 ms MarkObjects: 1.394100 ms  DeleteObjects: 0.041400 ms)

========================================================================
Received Prepare
Registering precompiled user dll's ...
Registered in 0.000587 seconds.
Begin MonoManager ReloadAssembly
Native extension for WindowsStandalone target not found
Native extension for WebGL target not found
Refreshing native plugins compatible for Editor in 0.23 ms, found 0 plugins.
Preloading 0 native plugins for Editor in 0.00 ms.
Invoked RoslynAnalysisRunner static constructor.
RoslynAnalysisRunner will not be running.
RoslynAnalysisRunner has terminated.
Mono: successfully reloaded assembly
- Completed reload, in  0.657 seconds
Platform modules already initialized, skipping
Refreshing native plugins compatible for Editor in 0.32 ms, found 0 plugins.
Preloading 0 native plugins for Editor in 0.00 ms.
Unloading 1099 Unused Serialized files (Serialized files now loaded: 0)
System memory in use before: 60.0 MB.
System memory in use after: 60.0 MB.

Unloading 5 unused Assets to reduce memory usage. Loaded Objects now: 1556.
Total: 1.513700 ms (FindLiveObjects: 0.180900 ms CreateObjectMapping: 0.028000 ms MarkObjects: 1.262400 ms  DeleteObjects: 0.041300 ms)

========================================================================
Received Import Request.
  Time since last request: 1084.650052 seconds.
  path: Assets/Scripts/FireToggle.cs
  artifactKey: Guid(f00ef2d12b20ec74baa29bea6096889d) Importer(815301076,1909f56bfc062723c751e8b465ee728b)
Start importing Assets/Scripts/FireToggle.cs using Guid(f00ef2d12b20ec74baa29bea6096889d) Importer(815301076,1909f56bfc062723c751e8b465ee728b)  -> (artifact id: 'd18cd89f7adffa2006422b2ab93ea723') in 0.010479 seconds
  Import took 0.012998 seconds .

========================================================================
Received Prepare
Registering precompiled user dll's ...
Registered in 0.000576 seconds.
Begin MonoManager ReloadAssembly
Native extension for WindowsStandalone target not found
Native extension for WebGL target not found
Refreshing native plugins compatible for Editor in 0.21 ms, found 0 plugins.
Preloading 0 native plugins for Editor in 0.00 ms.
Invoked RoslynAnalysisRunner static constructor.
RoslynAnalysisRunner will not be running.
RoslynAnalysisRunner has terminated.
Mono: successfully reloaded assembly
- Completed reload, in  0.631 seconds
Platform modules already initialized, skipping
Refreshing native plugins compatible for Editor in 0.22 ms, found 0 plugins.
Preloading 0 native plugins for Editor in 0.00 ms.
Unloading 1099 Unused Serialized files (Serialized files now loaded: 0)
System memory in use before: 60.1 MB.
System memory in use after: 60.2 MB.

Unloading 5 unused Assets to reduce memory usage. Loaded Objects now: 1558.
Total: 1.487400 ms (FindLiveObjects: 0.159600 ms CreateObjectMapping: 0.024700 ms MarkObjects: 1.255600 ms  DeleteObjects: 0.046000 ms)

========================================================================
Received Prepare
Registering precompiled user dll's ...
Registered in 0.000529 seconds.
Begin MonoManager ReloadAssembly
Native extension for WindowsStandalone target not found
Native extension for WebGL target not found
Refreshing native plugins compatible for Editor in 0.21 ms, found 0 plugins.
Preloading 0 native plugins for Editor in 0.00 ms.
Invoked RoslynAnalysisRunner static constructor.
RoslynAnalysisRunner will not be running.
RoslynAnalysisRunner has terminated.
Mono: successfully reloaded assembly
- Completed reload, in  0.606 seconds
Platform modules already initialized, skipping
Refreshing native plugins compatible for Editor in 0.20 ms, found 0 plugins.
Preloading 0 native plugins for Editor in 0.00 ms.
Unloading 1099 Unused Serialized files (Serialized files now loaded: 0)
System memory in use before: 60.2 MB.
System memory in use after: 60.3 MB.

Unloading 5 unused Assets to reduce memory usage. Loaded Objects now: 1560.
Total: 1.783200 ms (FindLiveObjects: 0.263200 ms CreateObjectMapping: 0.026700 ms MarkObjects: 1.453200 ms  DeleteObjects: 0.038900 ms)

========================================================================
Received Import Request.
  Time since last request: 208.126379 seconds.
  path: Assets/Scripts/FireToggle.cs
  artifactKey: Guid(f00ef2d12b20ec74baa29bea6096889d) Importer(815301076,1909f56bfc062723c751e8b465ee728b)
Start importing Assets/Scripts/FireToggle.cs using Guid(f00ef2d12b20ec74baa29bea6096889d) Importer(815301076,1909f56bfc062723c751e8b465ee728b)  -> (artifact id: '44b98d4a2baa6c71c592361ebe2874d2') in 0.004023 seconds
  Import took 0.005897 seconds .

========================================================================
Received Prepare
Registering precompiled user dll's ...
Registered in 0.000546 seconds.
Begin MonoManager ReloadAssembly
Native extension for WindowsStandalone target not found
Native extension for WebGL target not found
Refreshing native plugins compatible for Editor in 0.20 ms, found 0 plugins.
Preloading 0 native plugins for Editor in 0.00 ms.
Invoked RoslynAnalysisRunner static constructor.
RoslynAnalysisRunner will not be running.
RoslynAnalysisRunner has terminated.
Mono: successfully reloaded assembly
- Completed reload, in  0.627 seconds
Platform modules already initialized, skipping
Refreshing native plugins compatible for Editor in 0.21 ms, found 0 plugins.
Preloading 0 native plugins for Editor in 0.00 ms.
Unloading 1099 Unused Serialized files (Serialized files now loaded: 0)
System memory in use before: 60.4 MB.
System memory in use after: 60.4 MB.

Unloading 5 unused Assets to reduce memory usage. Loaded Objects now: 1562.
Total: 1.457200 ms (FindLiveObjects: 0.167500 ms CreateObjectMapping: 0.027900 ms MarkObjects: 1.214700 ms  DeleteObjects: 0.045900 ms)

========================================================================
Received Prepare
Registering precompiled user dll's ...
Registered in 0.000654 seconds.
Begin MonoManager ReloadAssembly
Native extension for WindowsStandalone target not found
Native extension for WebGL target not found
Refreshing native plugins compatible for Editor in 0.22 ms, found 0 plugins.
Preloading 0 native plugins for Editor in 0.00 ms.
Invoked RoslynAnalysisRunner static constructor.
RoslynAnalysisRunner will not be running.
RoslynAnalysisRunner has terminated.
Mono: successfully reloaded assembly
- Completed reload, in  0.614 seconds
Platform modules already initialized, skipping
Refreshing native plugins compatible for Editor in 0.22 ms, found 0 plugins.
Preloading 0 native plugins for Editor in 0.00 ms.
Unloading 1099 Unused Serialized files (Serialized files now loaded: 0)
System memory in use before: 60.5 MB.
System memory in use after: 60.6 MB.

Unloading 5 unused Assets to reduce memory usage. Loaded Objects now: 1564.
Total: 1.521700 ms (FindLiveObjects: 0.181900 ms CreateObjectMapping: 0.025500 ms MarkObjects: 1.269800 ms  DeleteObjects: 0.043700 ms)

========================================================================
Received Prepare
Registering precompiled user dll's ...
Registered in 0.000608 seconds.
Begin MonoManager ReloadAssembly
Native extension for WindowsStandalone target not found
Native extension for WebGL target not found
Refreshing native plugins compatible for Editor in 0.23 ms, found 0 plugins.
Preloading 0 native plugins for Editor in 0.00 ms.
Invoked RoslynAnalysisRunner static constructor.
RoslynAnalysisRunner will not be running.
RoslynAnalysisRunner has terminated.
Mono: successfully reloaded assembly
- Completed reload, in  0.663 seconds
Platform modules already initialized, skipping
Refreshing native plugins compatible for Editor in 0.30 ms, found 0 plugins.
Preloading 0 native plugins for Editor in 0.00 ms.
Unloading 1099 Unused Serialized files (Serialized files now loaded: 0)
System memory in use before: 60.6 MB.
System memory in use after: 60.7 MB.

Unloading 5 unused Assets to reduce memory usage. Loaded Objects now: 1566.
Total: 1.475300 ms (FindLiveObjects: 0.184800 ms CreateObjectMapping: 0.026500 ms MarkObjects: 1.215900 ms  DeleteObjects: 0.047100 ms)

